[00:10:42] [Server thread/WARN]: DjGuetta11 moved wrongly!
[00:10:42] [Server thread/WARN]: DjGuetta11 moved wrongly!
[00:11:04] [Server thread/WARN]: DjGuetta11 moved wrongly!
[00:11:21] [Server thread/WARN]: DjGuetta11 moved wrongly!
[00:11:24] [Server thread/WARN]: DjGuetta11 moved too quickly! -0.08324692712915294,-10.0,0.23811774691164977
[00:11:38] [Server thread/WARN]: ZAFIRO29 moved wrongly!
[00:11:38] [Server thread/WARN]: ZAFIRO29 moved wrongly!
[00:15:15] [Server thread/INFO]: ZAFIRO29 has made the advancement [Acquire Hardware]
[00:16:24] [Server thread/INFO]: DjGuetta11 lost connection: Disconnected
[00:16:24] [Server thread/INFO]: DjGuetta11 left the game
[00:16:29] [Server thread/INFO]: Stopping the server
[00:16:29] [Server thread/INFO]: UDP server is stopped
[00:16:29] [Server thread/INFO]: Stopping server
[00:16:29] [Server thread/INFO]: Saving players
[00:16:29] [Server thread/INFO]: ZAFIRO29 lost connection: Disconnected
[00:16:29] [Server thread/INFO]: ZAFIRO29 left the game
[00:16:29] [Server thread/INFO]: Saving worlds
[00:16:29] [Server thread/INFO]: Saving chunks for level 'ServerLevel[world]'/minecraft:overworld
[00:16:30] [Server thread/INFO]: Saving chunks for level 'ServerLevel[world]'/twilightforest:twilight_forest
[00:16:30] [Server thread/INFO]: Saving chunks for level 'ServerLevel[world]'/minecraft:the_nether
[00:16:30] [Server thread/INFO]: Saving chunks for level 'ServerLevel[world]'/minecraft:the_end
[00:16:30] [Server thread/INFO]: Saving chunks for level 'ServerLevel[world]'/graveyard:past
[00:16:30] [Server thread/INFO]: Saving chunks for level 'ServerLevel[world]'/the_bumblezone:the_bumblezone
[00:16:30] [Server thread/INFO]: Saving chunks for level 'ServerLevel[world]'/deeperdarker:otherside
[00:16:30] [Server thread/INFO]: Saving chunks for level 'ServerLevel[world]'/iceandfire:dread_land
[00:16:30] [Server thread/INFO]: Saving chunks for level 'ServerLevel[world]'/ae2:spatial_storage
[00:16:30] [Server thread/INFO]: ThreadedAnvilChunkStorage (world): All chunks are saved
[00:16:30] [Server thread/INFO]: ThreadedAnvilChunkStorage (twilight_forest): All chunks are saved
[00:16:30] [Server thread/INFO]: ThreadedAnvilChunkStorage (DIM-1): All chunks are saved
[00:16:30] [Server thread/INFO]: ThreadedAnvilChunkStorage (DIM1): All chunks are saved
[00:16:30] [Server thread/INFO]: ThreadedAnvilChunkStorage (past): All chunks are saved
[00:16:30] [Server thread/INFO]: ThreadedAnvilChunkStorage (the_bumblezone): All chunks are saved
[00:16:30] [Server thread/INFO]: ThreadedAnvilChunkStorage (otherside): All chunks are saved
[00:16:30] [Server thread/INFO]: ThreadedAnvilChunkStorage (dread_land): All chunks are saved
[00:16:30] [Server thread/INFO]: ThreadedAnvilChunkStorage (spatial_storage): All chunks are saved
[00:16:30] [Server thread/INFO]: ThreadedAnvilChunkStorage: All dimensions are saved
